BaseAnimation/proguard/seeds.txt
com.duguang.baseanimation.R$anim
com.duguang.baseanimation.R$anim: int a1
com.duguang.baseanimation.R$anim: int a2
com.duguang.baseanimation.R$anim: int abc_fade_in
com.duguang.baseanimation.R$anim: int abc_fade_out
com.duguang.baseanimation.R$anim: int abc_slide_in_bottom
com.duguang.baseanimation.R$anim: int abc_slide_in_top
com.duguang.baseanimation.R$anim: int abc_slide_out_bottom
com.duguang.baseanimation.R$anim: int abc_slide_out_top
com.duguang.baseanimation.R$anim: int alpha
com.duguang.baseanimation.R$anim: int alpha_in
com.duguang.baseanimation.R$anim: int alpha_rotate
com.duguang.baseanimation.R$anim: int alpha_scale
com.duguang.baseanimation.R$anim: int alpha_scale_rotate
com.duguang.baseanimation.R$anim: int alpha_scale_translate
com.duguang.baseanimation.R$anim: int alpha_scale_translate_rotate
com.duguang.baseanimation.R$anim: int alpha_translate
com.duguang.baseanimation.R$anim: int alpha_translate_rotate
com.duguang.baseanimation.R$anim: int animator
com.duguang.baseanimation.R$anim: int animator_set
com.duguang.baseanimation.R$anim: int appear_bottom_right_in
com.duguang.baseanimation.R$anim: int appear_bottom_right_out
com.duguang.baseanimation.R$anim: int appear_top_left_in
com.duguang.baseanimation.R$anim: int appear_top_left_out
com.duguang.baseanimation.R$anim: int block_move_right
com.duguang.baseanimation.R$anim: int color_animator
com.duguang.baseanimation.R$anim: int disappear_bottom_right_in
com.duguang.baseanimation.R$animator
com.duguang.baseanimation.R$animator: int fadein
com.duguang.baseanimation.R$animator: R$animator()
com.duguang.baseanimation.R$array
com.duguang.baseanimation.R$array: int date
com.duguang.baseanimation.R$array: int items
com.duguang.baseanimation.R$array: R$array()
com.duguang.baseanimation.R$attr
com.duguang.baseanimation.R$attr: int actionBarDivider
com.duguang.baseanimation.R$attr: int actionBarItemBackground
com.duguang.baseanimation.R$attr: int actionBarSize
com.duguang.baseanimation.R$attr: int actionBarSplitStyle
com.duguang.baseanimation.R$attr: int actionBarStyle
com.duguang.baseanimation.R$attr: int actionBarTabBarStyle
com.duguang.baseanimation.R$attr: int actionBarTabStyle
com.duguang.baseanimation.R$attr: int actionBarTabTextStyle
com.duguang.baseanimation.R$attr: int actionBarWidgetTheme
com.duguang.baseanimation.R$attr: int actionButtonStyle
com.duguang.baseanimation.R$attr: int actionDropDownStyle
com.duguang.baseanimation.R$attr: int actionLayout
com.duguang.baseanimation.R$attr: int actionMenuTextAppearance
com.duguang.baseanimation.R$attr: int actionMenuTextColor
com.duguang.baseanimation.R$attr: int actionModeBackground
com.duguang.baseanimation.R$attr: int actionModeCloseButtonStyle
com.duguang.baseanimation.R$attr: int actionModeCloseDrawable
com.duguang.baseanimation.R$attr: int actionModeCopyDrawable
com.duguang.baseanimation.R$attr: int actionModeCutDrawable
com.duguang.baseanimation.R$attr: int actionModeFindDrawable
com.duguang.baseanimation.R$attr: int actionModePasteDrawable
com.duguang.baseanimation.R$attr: int actionModePopupWindowStyle
com.duguang.baseanimation.R$attr: int actionModeSelectAllDrawable
com.duguang.baseanimation.R$attr: int actionModeShareDrawable
com.duguang.baseanimation.R$bool
com.duguang.baseanimation.R$bool: int abc_action_bar_embed_tabs_pre_jb
com.duguang.baseanimation.R$bool: int abc_action_bar_expanded_action_views_exclusive
com.duguang.baseanimation.R$bool: int abc_config_actionMenuItemAllCaps
com.duguang.baseanimation.R$bool: int abc_config_allowActionMenuItemTextWithIcon
com.duguang.baseanimation.R$bool: int abc_config_showMenuShortcutsWhenKeyboardPresent
com.duguang.baseanimation.R$bool: int abc_split_action_bar_is_narrow
com.duguang.baseanimation.R$bool: R$bool()
...
android.support.v4.app.FragmentStatePagerAdapter
android.support.v4.app.FragmentStatePagerAdapter: java.lang.String TAG
android.support.v4.app.FragmentStatePagerAdapter: boolean DEBUG
android.support.v4.app.FragmentStatePagerAdapter: android.support.v4.app.FragmentManager mFragmentManager
android.support.v4.app.FragmentStatePagerAdapter: android.support.v4.app.FragmentTransaction mCurTransaction
android.support.v4.app.FragmentStatePagerAdapter: java.util.ArrayList mSavedState
android.support.v4.app.FragmentStatePagerAdapter: java.util.ArrayList mFragments
android.support.v4.app.FragmentStatePagerAdapter: android.support.v4.app.Fragment mCurrentPrimaryItem
android.support.v4.app.FragmentStatePagerAdapter: FragmentStatePagerAdapter(android.support.v4.app.FragmentManager)
android.support.v4.app.FragmentStatePagerAdapter: android.support.v4.app.Fragment getItem(int)
android.support.v4.app.FragmentStatePagerAdapter: void startUpdate(android.view.ViewGroup)
android.support.v4.app.FragmentStatePagerAdapter: java.lang.Object instantiateItem(android.view.ViewGroup,int)
android.support.v4.app.FragmentStatePagerAdapter: void destroyItem(android.view.ViewGroup,int,java.lang.Object)
android.support.v4.app.FragmentStatePagerAdapter: void setPrimaryItem(android.view.ViewGroup,int,java.lang.Object)
android.support.v4.app.FragmentStatePagerAdapter: void finishUpdate(android.view.ViewGroup)
android.support.v4.app.FragmentTabHost
android.support.v4.app.FragmentTabHost: java.util.ArrayList mTabs
android.support.v4.app.FragmentTabHost: android.widget.FrameLayout mRealTabContent
android.support.v4.app.FragmentTabHost: android.content.Context mContext
android.support.v4.app.FragmentTabHost: android.support.v4.app.FragmentManager mFragmentManager
android.support.v4.app.FragmentTabHost: int mContainerId
android.support.v4.app.FragmentTabHost: android.widget.TabHost$OnTabChangeListener mOnTabChangeListener
android.support.v4.app.FragmentTabHost: android.support.v4.app.FragmentTabHost$TabInfo mLastTab
android.support.v4.app.FragmentTabHost: boolean mAttached
android.support.v4.app.FragmentTabHost: FragmentTabHost(android.content.Context)
android.support.v4.app.FragmentTabHost: FragmentTabHost(android.content.Context,android.util.AttributeSet)
android.support.v4.app.FragmentTabHost: void initFragmentTabHost(android.content.Context,android.util.AttributeSet)
android.support.v4.app.FragmentTabHost: void setup()
android.support.v4.app.FragmentTabHost: void setup(android.content.Context,android.support.v4.app.FragmentManager)
android.support.v4.app.FragmentTabHost: void setup(android.content.Context,android.support.v4.app.FragmentManager,int)
android.support.v4.app.FragmentTabHost: void ensureContent()
android.support.v4.app.FragmentTabHost: void setOnTabChangedListener(android.widget.TabHost$OnTabChangeListener)
android.support.v4.app.FragmentTabHost$1
android.support.v4.app.FragmentTabHost$DummyTabFactory
android.support.v4.app.FragmentTabHost$DummyTabFactory: android.content.Context mContext
android.support.v4.app.FragmentTabHost$DummyTabFactory: FragmentTabHost$DummyTabFactory(android.content.Context)
android.support.v4.app.FragmentTabHost$DummyTabFactory: android.view.View createTabContent(java.lang.String)