BaseAnimation/proguard/mapping.txt
com.duguang.baseanimation.ContantValue -> com.duguang.baseanimation.a:
    java.lang.String[] mainItem -> a
    int[] simple -> b
    java.lang.String[] simpleName -> c
    int[] complex -> d
    java.lang.String[] animName -> e
    java.lang.String[] splashName -> f
    java.lang.String[] imitateName -> g
    java.lang.String[] listViewName -> h
    java.lang.String[] customName -> i
    java.lang.String[] tabName -> j
com.duguang.baseanimation.R -> com.duguang.baseanimation.R:
com.duguang.baseanimation.R$anim -> com.duguang.baseanimation.R$anim:
    int a1 -> a1
    int a2 -> a2
    int abc_fade_in -> abc_fade_in
    int abc_fade_out -> abc_fade_out
    int abc_slide_in_bottom -> abc_slide_in_bottom
    int abc_slide_in_top -> abc_slide_in_top
    int abc_slide_out_bottom -> abc_slide_out_bottom
    int abc_slide_out_top -> abc_slide_out_top
    int alpha -> alpha
    int alpha_in -> alpha_in
    int alpha_rotate -> alpha_rotate
    int alpha_scale -> alpha_scale
    int alpha_scale_rotate -> alpha_scale_rotate
    int alpha_scale_translate -> alpha_scale_translate
    int alpha_scale_translate_rotate -> alpha_scale_translate_rotate
    int alpha_translate -> alpha_translate
    int alpha_translate_rotate -> alpha_translate_rotate
    int animator -> animator
    int animator_set -> animator_set
    int appear_bottom_right_in -> appear_bottom_right_in
    int appear_bottom_right_out -> appear_bottom_right_out
    int appear_top_left_in -> appear_top_left_in
    int appear_top_left_out -> appear_top_left_out
    int block_move_right -> block_move_right
    int color_animator -> color_animator
    int disappear_bottom_right_in -> disappear_bottom_right_in
    int disappear_bottom_right_out -> disappear_bottom_right_out
    int disappear_top_left_in -> disappear_top_left_in
    int disappear_top_left_out -> disappear_top_left_out
    int drawroll_ani_in -> drawroll_ani_in
    int drawroll_ani_out -> drawroll_ani_out
    int fade -> fade
com.duguang.baseanimation.R$animator -> com.duguang.baseanimation.R$animator:
    int fadein -> fadein
com.duguang.baseanimation.R$array -> com.duguang.baseanimation.R$array:
    int date -> date
    int items -> items
com.duguang.baseanimation.R$attr -> com.duguang.baseanimation.R$attr:
    int actionBarDivider -> actionBarDivider
    int actionBarItemBackground -> actionBarItemBackground
    int actionBarSize -> actionBarSize
    int actionBarSplitStyle -> actionBarSplitStyle
    int actionBarStyle -> actionBarStyle
    int actionBarTabBarStyle -> actionBarTabBarStyle
    int actionBarTabStyle -> actionBarTabStyle
    int actionBarTabTextStyle -> actionBarTabTextStyle
    int actionBarWidgetTheme -> actionBarWidgetTheme
    int actionButtonStyle -> actionButtonStyle
    int actionDropDownStyle -> actionDropDownStyle
    int actionLayout -> actionLayout
    int actionMenuTextAppearance -> actionMenuTextAppearance
    int actionMenuTextColor -> actionMenuTextColor
    int actionModeBackground -> actionModeBackground
    int actionModeCloseButtonStyle -> actionModeCloseButtonStyle
    int actionModeCloseDrawable -> actionModeCloseDrawable
    int actionModeCopyDrawable -> actionModeCopyDrawable
    int actionModeCutDrawable -> actionModeCutDrawable
    int actionModeFindDrawable -> actionModeFindDrawable
    int actionModePasteDrawable -> actionModePasteDrawable
    int actionModePopupWindowStyle -> actionModePopupWindowStyle
    int actionModeSelectAllDrawable -> actionModeSelectAllDrawable
    int actionModeShareDrawable -> actionModeShareDrawable
    int actionModeSplitBackground -> actionModeSplitBackground
    int actionModeStyle -> actionModeStyle
...
com.tencent.mm.sdk.storage.CursorFieldHelper$2 -> com.tencent.mm.sdk.storage.l:
com.tencent.mm.sdk.storage.CursorFieldHelper$20 -> com.tencent.mm.sdk.storage.m:
com.tencent.mm.sdk.storage.CursorFieldHelper$21 -> com.tencent.mm.sdk.storage.n:
com.tencent.mm.sdk.storage.CursorFieldHelper$22 -> com.tencent.mm.sdk.storage.o:
com.tencent.mm.sdk.storage.CursorFieldHelper$23 -> com.tencent.mm.sdk.storage.p:
com.tencent.mm.sdk.storage.CursorFieldHelper$24 -> com.tencent.mm.sdk.storage.q:
com.tencent.mm.sdk.storage.CursorFieldHelper$25 -> com.tencent.mm.sdk.storage.r:
com.tencent.mm.sdk.storage.CursorFieldHelper$26 -> com.tencent.mm.sdk.storage.s:
com.tencent.mm.sdk.storage.CursorFieldHelper$27 -> com.tencent.mm.sdk.storage.t:
com.tencent.mm.sdk.storage.CursorFieldHelper$28 -> com.tencent.mm.sdk.storage.u:
com.tencent.mm.sdk.storage.CursorFieldHelper$3 -> com.tencent.mm.sdk.storage.v:
com.tencent.mm.sdk.storage.CursorFieldHelper$4 -> com.tencent.mm.sdk.storage.w:
com.tencent.mm.sdk.storage.CursorFieldHelper$5 -> com.tencent.mm.sdk.storage.x:
com.tencent.mm.sdk.storage.CursorFieldHelper$6 -> com.tencent.mm.sdk.storage.y:
com.tencent.mm.sdk.storage.CursorFieldHelper$7 -> com.tencent.mm.sdk.storage.z:
com.tencent.mm.sdk.storage.CursorFieldHelper$8 -> com.tencent.mm.sdk.storage.aa:
com.tencent.mm.sdk.storage.CursorFieldHelper$9 -> com.tencent.mm.sdk.storage.ab:
com.tencent.mm.sdk.storage.CursorFieldHelper$IGetMethod -> com.tencent.mm.sdk.storage.CursorFieldHelper$IGetMethod:
com.tencent.mm.sdk.storage.CursorFieldHelper$ISetMethod -> com.tencent.mm.sdk.storage.CursorFieldHelper$ISetMethod:
com.tencent.mm.sdk.storage.IAutoDBItem -> com.tencent.mm.sdk.storage.IAutoDBItem:
    long systemRowid -> e
com.tencent.mm.sdk.storage.IAutoDBItem$MAutoDBInfo -> com.tencent.mm.sdk.storage.IAutoDBItem$MAutoDBInfo:
    java.lang.reflect.Field[] fields -> a
    java.lang.String[] columns -> b
    java.util.Map colsMap -> c
    java.lang.String sql -> d
com.tencent.mm.sdk.storage.ISQLiteDatabase -> com.tencent.mm.sdk.storage.ISQLiteDatabase:
com.tencent.mm.sdk.storage.MAutoDBFieldAnnotation -> com.tencent.mm.sdk.storage.MAutoDBFieldAnnotation:
com.tencent.mm.sdk.storage.MAutoDBItem -> com.tencent.mm.sdk.storage.MAutoDBItem:
com.tencent.mm.sdk.storage.MAutoStorage -> com.tencent.mm.sdk.storage.MAutoStorage:
com.tencent.mm.sdk.storage.MDBItem -> com.tencent.mm.sdk.storage.MDBItem:
com.tencent.mm.sdk.storage.MStorage -> com.tencent.mm.sdk.storage.MStorage:
    com.tencent.mm.sdk.storage.MStorageEvent bV -> a
    com.tencent.mm.sdk.storage.MStorageEvent bW -> b
com.tencent.mm.sdk.storage.MStorage$1 -> com.tencent.mm.sdk.storage.ac:
    com.tencent.mm.sdk.storage.MStorage bX -> a
com.tencent.mm.sdk.storage.MStorage$2 -> com.tencent.mm.sdk.storage.ad:
    com.tencent.mm.sdk.storage.MStorage bX -> a
com.tencent.mm.sdk.storage.MStorage$IOnStorageChange -> com.tencent.mm.sdk.storage.MStorage$IOnStorageChange:
com.tencent.mm.sdk.storage.MStorage$IOnStorageLoaded -> com.tencent.mm.sdk.storage.MStorage$IOnStorageLoaded:
com.tencent.mm.sdk.storage.MStorageEvent -> com.tencent.mm.sdk.storage.MStorageEvent:
    int bY -> a
    java.util.Hashtable bZ -> b
    java.util.concurrent.CopyOnWriteArraySet ca -> c