BaseAnimation/proguard/usage.txt
com.duguang.baseanimation.BuildConfig
com.duguang.baseanimation.Manifest
com.duguang.baseanimation.Manifest$permission
com.duguang.baseanimation.R:
    10:10:public R()
com.duguang.baseanimation.adapter.AnimationAdapter:
    private static final java.lang.String tag
com.duguang.baseanimation.app.MainApplication:
    private static final java.lang.String TAG
com.duguang.baseanimation.receicer.MyReceiver:
    private static final java.lang.String TAG
com.duguang.baseanimation.ui.MainActivity:
    private static final java.lang.String tag
    public static final java.lang.String MESSAGE_RECEIVED_ACTION
    public static final java.lang.String KEY_TITLE
    public static final java.lang.String KEY_MESSAGE
    public static final java.lang.String KEY_EXTRAS
com.duguang.baseanimation.ui.anim.Rotate3DAnimation:
    private static final java.lang.String TAG
com.duguang.baseanimation.ui.customview.DialogsMainActivity:
    private static final int DIALOG_0
    private static final int DIALOG_1
    private static final int DIALOG_2
    private static final int DIALOG_3
    private static final int DIALOG_4
    private static final int DIALOG_5
    private static final int DIALOG_6
    private static final int DIALOG_7
    private static final int MAX_PROGRESS
com.duguang.baseanimation.ui.customview.badger.BadgeView:
    public static final int POSITION_TOP_LEFT
    public static final int POSITION_TOP_RIGHT
    public static final int POSITION_BOTTOM_LEFT
    public static final int POSITION_BOTTOM_RIGHT
    private static final int DEFAULT_MARGIN_DIP
    private static final int DEFAULT_LR_PADDING_DIP
    private static final int DEFAULT_CORNER_RADIUS_DIP
    private static final int DEFAULT_POSITION
    private static final int DEFAULT_BADGE_COLOR
    private static final int DEFAULT_TEXT_COLOR
    189:190:public void show(boolean)
    198:199:public void show(android.view.animation.Animation)
    215:216:public void hide(boolean)
    224:225:public void hide(android.view.animation.Animation)
    316:316:public int decrement(int)
com.duguang.baseanimation.ui.customview.badger.Cheeses:
    20:20:public Cheeses()
com.duguang.baseanimation.ui.customview.clickdeflect.MyImageView:
    48:49:public void SetAnimationOnOff(boolean)
com.duguang.baseanimation.ui.customview.clickdeflect.Record
com.duguang.baseanimation.ui.customview.hscrollview.TestListView
com.duguang.baseanimation.ui.customview.lodingdialog.LoadingDialog:
    private static final int CHANGE_TITLE_WHAT
    private static final int CHNAGE_TITLE_DELAYMILLIS
    private static final int MAX_SUFFIX_NUMBER
    private static final char SUFFIX
com.duguang.baseanimation.ui.customview.lodingdialog.RotateImageView
com.duguang.baseanimation.ui.customview.milaucher.MiLaucherMainActivity:
    public static final int PAGE_SIZE
com.duguang.baseanimation.ui.customview.milaucher.utils.Animations
com.duguang.baseanimation.ui.customview.milaucher.utils.Configure:
    6:6:public Configure()
    28:36:public int[] ret(int[])
com.duguang.baseanimation.ui.customview.milaucher.utils.DragGrid:
    android.view.animation.Animation BtoA
    45:46:public DragGrid(android.content.Context,android.util.AttributeSet)
com.duguang.baseanimation.ui.customview.milaucher.utils.ScrollLayout:
    private static final int TOUCH_STATE_REST
    private static final int TOUCH_STATE_SCROLLING
    private static final int SNAP_VELOCITY
com.duguang.baseanimation.ui.customview.morecustom.ListUtils:
    43:44:public static int px2dip(android.content.Context,float)
...
android.support.v7.internal.widget.AbsSpinnerICS:
    private android.graphics.Rect mTouchFrame
    54:56:AbsSpinnerICS(android.content.Context)
    59:60:AbsSpinnerICS(android.content.Context,android.util.AttributeSet)
    254:257:public void setSelection(int,boolean)
    275:282:void setSelectionInt(int,boolean)
    abstract void layout(int,boolean)
    315:315:public int getCount()
    327:343:public int pointToPosition(int,int)
    34:34:public bridge synthetic void setAdapter(android.widget.Adapter)
android.support.v7.internal.widget.ActionBarContainer:
    228:228:public android.support.v7.view.ActionMode startActionModeForChild(android.view.View,android.support.v7.view.ActionMode$Callback)
android.support.v7.internal.widget.ActionBarContextView:
    private static final java.lang.String TAG
    194:238:public void initForMode(android.support.v7.view.ActionMode)
    241:245:public void closeMode()
    248:254:public void killMode()
    414:414:public boolean isTitleOptional()
    37:37:public bridge synthetic void dismissPopupMenus()
    37:37:public bridge synthetic void animateToVisibility(int)
android.support.v7.internal.widget.ActionBarContextView$1
android.support.v7.internal.widget.ActionBarOverlayLayout:
    private android.view.View mContent
    private android.view.View mActionBarTop
    private android.support.v7.internal.widget.ActionBarContainer mContainerView
    private android.support.v7.internal.widget.ActionBarView mActionView
    private android.view.View mActionBarBottom
    71:89:private boolean applyInsets(android.view.View,android.graphics.Rect,boolean,boolean,boolean,boolean)
    93:101:void pullChildren()
android.support.v7.internal.widget.ActionBarView:
    private static final java.lang.String TAG
    public static final int DISPLAY_DEFAULT
    private static final int DISPLAY_RELAYOUT_MASK
    private static final int DEFAULT_CUSTOM_GRAVITY
    364:364:public boolean hasEmbeddedTabs()
    63:63:public bridge synthetic void dismissPopupMenus()
    63:63:public bridge synthetic void animateToVisibility(int)
android.support.v7.internal.widget.ActionBarView$ExpandedActionViewMenuPresenter:
    1382:1382:public android.support.v7.internal.view.menu.MenuView getMenuView(android.view.ViewGroup)
    1411:1411:public void setCallback(android.support.v7.internal.view.menu.MenuPresenter$Callback)
    1501:1501:public int getId()
    1506:1506:public android.os.Parcelable onSaveInstanceState()
    1511:1511:public void onRestoreInstanceState(android.os.Parcelable)
android.support.v7.internal.widget.ActivityChooserModel
android.support.v7.internal.widget.ActivityChooserModel$1
android.support.v7.internal.widget.ActivityChooserModel$ActivityChooserModelClient
android.support.v7.internal.widget.ActivityChooserModel$ActivityResolveInfo
android.support.v7.internal.widget.ActivityChooserModel$ActivitySorter
android.support.v7.internal.widget.ActivityChooserModel$DefaultSorter
android.support.v7.internal.widget.ActivityChooserModel$HistoricalRecord
android.support.v7.internal.widget.ActivityChooserModel$OnChooseActivityListener
android.support.v7.internal.widget.ActivityChooserModel$PersistHistoryAsyncTask
android.support.v7.internal.widget.ActivityChooserView
android.support.v7.internal.widget.ActivityChooserView$1
android.support.v7.internal.widget.ActivityChooserView$2
android.support.v7.internal.widget.ActivityChooserView$3
android.support.v7.internal.widget.ActivityChooserView$ActivityChooserViewAdapter
android.support.v7.internal.widget.ActivityChooserView$Callbacks